2023-10-22 08_23_01_.mp4
2023-10-23 08_28_05_.mp4
2023-10-24 00_04_04_ 3.mp4
2023-11-07 07_55_42_MORENO LUDWIG.mp4
2023-11-08 17_18_00_HERNANDEZ MARIELVIS.mp4
2023-11-08 17_18_38_HERNANDEZ MARIELVIS.mp4
2023-11-08 17_19_36_HERNANDEZ MARIELVIS.mp4
2023-11-08 17_20_09_HERNANDEZ MARIELVIS.mp4
2023-11-08 17_26_16_HERNANDEZ MARIELVIS.mp4
2024-11-22 15_33_34_.mp4
2024-11-22 15_33_40_.mp4
2024-11-22 15_38_03_.mp4
2024-11-22 15_42_01_.mp4
2025-05-31 19_34_29_MORENO LUDWIG.mp4
2025-06-04 16_23_44_L M.mp4
2025-06-04 16_45_47_L M.mp4
2025-06-04 17_26_46_lm.mp4
2025-06-04 17_55_27_lm.mp4
2025-06-04 18_16_42_lm.mp4
2025-06-04 18_26_35_lm.mp4
2025-06-04 19_28_37_lm.mp4
2025-06-04 19_30_18_lm.mp4
2025-06-04 19_34_54_lm.mp4
2025-06-04 19_35_03_lm.mp4
2025-06-04 19_36_49_lm.mp4
2025-06-04 20_00_05_lm.mp4
2025-06-04 20_00_06_lm.mp4
